"C:/Users/a1209/Documents/Unreal Projects/UnrealLearningKit/UnrealLearningKit.uproject" 1
"../../../Engine/Plugins/BlueprintFileUtils/BlueprintFileUtils.uplugin" 2
"../../../Engine/Plugins/ChaosCloth/ChaosCloth.uplugin" 3
"../../../Engine/Plugins/AudioInsights/AudioInsights.uplugin" 4
"../../../Engine/Plugins/ChaosVD/ChaosVD.uplugin" 5
"../../../Engine/Plugins/ChaosClothAssetEditor/ChaosClothAssetEditor.uplugin" 6
"../../../Engine/Plugins/CmdLinkServer/CmdLinkServer.uplugin" 7
"../../../Engine/Plugins/EnhancedInput/EnhancedInput.uplugin" 8
"../../../Engine/Plugins/FastBuildController/FastBuildController.uplugin" 9
"../../../Engine/Plugins/MeshPainting/MeshPainting.uplugin" 10
"../../../Engine/Plugins/ChaosClothAsset/ChaosClothAsset.uplugin" 11
"../../../Engine/Plugins/PCG/PCG.uplugin" 12
"../../../Engine/Plugins/PCGExternalDataInterop/PCGExternalDataInterop.uplugin" 13
"../../../Engine/Plugins/Bridge/Bridge.uplugin" 14
"../../../Engine/Plugins/RenderGraphInsights/RenderGraphInsights.uplugin" 15
"../../../Engine/Plugins/ScriptPlugin/ScriptPlugin.uplugin" 16
"../../../Engine/Plugins/WorldMetrics/WorldMetrics.uplugin" 17
"../../../Engine/Plugins/XGEController/XGEController.uplugin" 18
"../../../Engine/Plugins/UbaController/UbaController.uplugin" 19
"../../../Engine/Plugins/TraceUtilities/TraceUtilities.uplugin" 20
"../../../Engine/Plugins/AudioGameplay/AudioGameplay.uplugin" 21
"../../../Engine/Plugins/AI/AISupport/AISupport.uplugin" 22
"../../../Engine/Plugins/DiscoveryBeaconReceiver/DiscoveryBeaconReceiver.uplugin" 23
"../../../Engine/Plugins/AI/MassAI/MassAI.uplugin" 24
"../../../Engine/Plugins/AI/MLAdapter/MLAdapter.uplugin" 25
"../../../Engine/Plugins/AI/HTNPlanner/HTNPlanner.uplugin" 26
"../../../Engine/Plugins/Editor/AssetManagerEditor/AssetManagerEditor.uplugin" 27
"../../../Engine/Plugins/Editor/AssetReferenceRestrictions/AssetReferenceRestrictions.uplugin" 28
"../../../Engine/Plugins/Editor/AssetRegistryExport/AssetRegistryExport.uplugin" 29
"../../../Engine/Plugins/Editor/BlueprintHeaderView/BlueprintHeaderView.uplugin" 30
"../../../Engine/Plugins/Editor/AssetSearch/AssetSearch.uplugin" 31
"../../../Engine/Plugins/Editor/ChangelistReview/ChangelistReview.uplugin" 32
"../../../Engine/Plugins/Editor/BlueprintMaterialTextureNodes/BlueprintMaterialTextureNodes.uplugin" 33
"../../../Engine/Plugins/Editor/ConsoleVariablesEditor/ConsoleVariables.uplugin" 34
"../../../Engine/Plugins/PCGGeometryScriptInterop/PCGGeometryScriptInterop.uplugin" 35
"../../../Engine/Plugins/Editor/CryptoKeys/CryptoKeys.uplugin" 36
"../../../Engine/Plugins/Editor/CurveEditorTools/CurveEditorTools.uplugin" 37
"../../../Engine/Plugins/Editor/EditorPerformanceModule/EditorPerformanceModule.uplugin" 38
"../../../Engine/Plugins/Editor/DisplayClusterLaunch/DisplayClusterLaunch.uplugin" 39
"../../../Engine/Plugins/Editor/EditorDebugTools/EditorDebugTools.uplugin" 40
"../../../Engine/Plugins/Editor/EditorScriptingUtilities/EditorScriptingUtilities.uplugin" 41
"../../../Engine/Plugins/Editor/EditorSysConfigAssistant/EditorSysConfigAssistant.uplugin" 42
"../../../Engine/Plugins/Editor/DataValidation/DataValidation.uplugin" 43
"../../../Engine/Plugins/Editor/EngineAssetDefinitions/EngineAssetDefinitions.uplugin" 44
"../../../Engine/Plugins/Editor/GameplayTagsEditor/GameplayTagsEditor.uplugin" 45
"../../../Engine/Plugins/AI/MassCrowd/MassCrowd.uplugin" 46
"../../../Engine/Plugins/Editor/FacialAnimation/FacialAnimation.uplugin" 47
"../../../Engine/Plugins/Editor/GeometryMode/GeometryMode.uplugin" 48
"../../../Engine/Plugins/Editor/MacGraphicsSwitching/MacGraphicsSwitching.uplugin" 49
"../../../Engine/Plugins/Editor/LiveUpdateForSlate/LiveUpdateForSlate.uplugin" 50
"../../../Engine/Plugins/Editor/GuidedTutorials/GuidedTutorials.uplugin" 51
"../../../Engine/Plugins/Editor/MakeCookedEditorAsDLC/MakeCookedEditorAsDLC.uplugin" 52
"../../../Engine/Plugins/Editor/ModelingToolsEditorMode/ModelingToolsEditorMode.uplugin" 53
"../../../Engine/Plugins/Editor/MeshLODToolset/MeshLODToolset.uplugin" 54
"../../../Engine/Plugins/Editor/PluginBrowser/PluginBrowser.uplugin" 55
"../../../Engine/Plugins/AI/EnvironmentQueryEditor/EnvironmentQueryEditor.uplugin" 56
"../../../Engine/Plugins/Editor/SequencerAnimTools/SequencerAnimTools.uplugin" 57
"../../../Engine/Plugins/Editor/ProxyLODPlugin/ProxyLODPlugin.uplugin" 58
"../../../Engine/Plugins/Editor/StylusInput/StylusInput.uplugin" 59
"../../../Engine/Plugins/Editor/SpeedTreeImporter/SpeedTreeImporter.uplugin" 60
"../../../Engine/Plugins/Editor/StaticMeshEditorModeling/StaticMeshEditorModeling.uplugin" 61
"../../../Engine/Plugins/Editor/WaveformEditor/WaveformEditor.uplugin" 62
"../../../Engine/Plugins/Editor/WorldPartitionHLODUtilities/WorldPartitionHLODUtilities.uplugin" 63
"../../../Engine/Plugins/Interchange/Editor/InterchangeEditor.uplugin" 64
"../../../Engine/Plugins/Editor/MaterialAnalyzer/MaterialAnalyzer.uplugin" 65
"../../../Engine/Plugins/Media/AndroidCamera/AndroidCamera.uplugin" 66
"../../../Engine/Plugins/Media/AppleProResMedia/AppleProResMedia.uplugin" 67
"../../../Engine/Plugins/Media/AudioCaptureTimecodeProvider/AudioCaptureTimecodeProvider.uplugin" 68
"../../../Engine/Plugins/Interchange/Runtime/Interchange.uplugin" 69
"../../../Engine/Plugins/Media/AvfMedia/AvfMedia.uplugin" 70
"../../../Engine/Plugins/Media/AppleProResDecoderElectra/AppleProResDecoderElectra.uplugin" 71
"../../../Engine/Plugins/Media/AvidDNxHDDecoderElectra/AvidDNxHDDecoderElectra.uplugin" 72
"../../../Engine/Plugins/Media/AvidDNxMedia/AvidDNxMedia.uplugin" 73
"../../../Engine/Plugins/Media/BlackmagicMedia/BlackmagicMedia.uplugin" 74
"../../../Engine/Plugins/Media/ElectraCDM/ElectraCDM.uplugin" 75
"../../../Engine/Plugins/Media/ElectraCodecs/ElectraCodecs.uplugin" 76
"../../../Engine/Plugins/Media/BinkMedia/BinkMedia.uplugin" 77
"../../../Engine/Plugins/Media/ElectraSubtitles/ElectraSubtitles.uplugin" 78
"../../../Engine/Plugins/Media/ElectraUtil/ElectraUtil.uplugin" 79
"../../../Engine/Plugins/Media/HAPDecoderElectra/HAPDecoderElectra.uplugin" 80
"../../../Engine/Plugins/Media/LinearTimecode/LinearTimecode.uplugin" 81
"../../../Engine/Plugins/Media/MediaFrameworkUtilities/MediaFrameworkUtilities.uplugin" 82
"../../../Engine/Plugins/Media/MediaCompositing/MediaCompositing.uplugin" 83
"../../../Engine/Plugins/Media/HardwareEncoders/HardwareEncoders.uplugin" 84
"../../../Engine/Plugins/Media/MediaIOFramework/MediaIOFramework.uplugin" 85
"../../../Engine/Plugins/Media/MediaMovieStreamer/MediaMovieStreamer.uplugin" 86
"../../../Engine/Plugins/Media/HAPMedia/HAPMedia.uplugin" 87
"../../../Engine/Plugins/Media/MediaPlate/MediaPlate.uplugin" 88
"../../../Engine/Plugins/Media/ElectraPlayer/ElectraPlayer.uplugin" 89
"../../../Engine/Plugins/Media/OpusDecoderElectra/OpusDecoderElectra.uplugin" 90
"../../../Engine/Plugins/Media/PixelCapture/PixelCapture.uplugin" 91
"../../../Engine/Plugins/Media/AjaMedia/AjaMedia.uplugin" 92
"../../../Engine/Plugins/Media/PixelStreaming/PixelStreaming.uplugin" 93
"../../../Engine/Plugins/Media/WebMMedia/WebMMedia.uplugin" 94
"../../../Engine/Plugins/Media/WmfMedia/WmfMedia.uplugin" 95
"../../../Engine/Plugins/Media/VPxDecoderElectra/VPxDecoderElectra.uplugin" 96
"../../../Engine/Plugins/Tests/EditorTests/EditorTests.uplugin" 97
"../../../Engine/Plugins/Tests/CQTest/CQTest.uplugin" 98
"../../../Engine/Plugins/Tests/FunctionalTestingEditor/FunctionalTestingEditor.uplugin" 99
"../../../Engine/Plugins/Tests/RHITests/RHITests.uplugin" 100
"../../../Engine/Plugins/Media/TimecodeSynchronizer/TimecodeSynchronizer.uplugin" 101
"../../../Engine/Plugins/Tests/TestSamples/TestSamples.uplugin" 102
"../../../Engine/Plugins/Tests/WidgetAutomationTests/WidgetAutomationTests.uplugin" 103
"../../../Engine/Plugins/Tests/TestFramework/TestFramework.uplugin" 104
"../../../Engine/Plugins/Tests/RuntimeTests/RuntimeTests.uplugin" 105
"../../../Engine/Plugins/Animation/AnimationWarping/AnimationWarping.uplugin" 106
"../../../Engine/Plugins/Web/HttpBlueprint/HttpBlueprint.uplugin" 107
"../../../Engine/Plugins/Animation/AnimationData/AnimationData.uplugin" 108
"../../../Engine/Plugins/Animation/BlendStack/BlendStack.uplugin" 109
"../../../Engine/Plugins/Animation/ControlRigModules/ControlRigModules.uplugin" 110
"../../../Engine/Plugins/Animation/ControlRigSpline/ControlRigSpline.uplugin" 111
"../../../Engine/Plugins/Animation/IKRig/IKRig.uplugin" 112
"../../../Engine/Plugins/Media/MfMedia/MfMedia.uplugin" 113
"../../../Engine/Plugins/Animation/LiveLink/LiveLink.uplugin" 114
"../../../Engine/Plugins/Animation/LiveLinkCurveDebugUI/LiveLinkCurveDebugUI.uplugin" 115
"../../../Engine/Plugins/Animation/MotionWarping/MotionWarping.uplugin" 116
"../../../Engine/Plugins/Animation/GameplayInsights/GameplayInsights.uplugin" 117
"../../../Engine/Plugins/Animation/PoseSearch/PoseSearch.uplugin" 118
"../../../Engine/Plugins/Animation/PerformanceCaptureCore/PerformanceCaptureCore.uplugin" 119
"../../../Engine/Plugins/Cameras/CameraShakePreviewer/CameraShakePreviewer.uplugin" 120
"../../../Engine/Plugins/Animation/RigLogic/RigLogic.uplugin" 121
"../../../Engine/Plugins/MovieScene/ActorSequence/ActorSequence.uplugin" 122
"../../../Engine/Plugins/Cameras/GameplayCameras/GameplayCameras.uplugin" 123
"../../../Engine/Plugins/Media/ImgMedia/ImgMedia.uplugin" 124
"../../../Engine/Plugins/Animation/ControlRig/ControlRig.uplugin" 125
"../../../Engine/Plugins/MovieScene/MoviePipelineMaskRenderPass/MoviePipelineMaskRenderPass.uplugin" 126
"../../../Engine/Plugins/MovieScene/MovieSceneTextTrack/MovieSceneTextTrack.uplugin" 127
"../../../Engine/Plugins/MovieScene/ReplayTracks/ReplayTracks.uplugin" 128
"../../../Engine/Plugins/Performance/PerformanceMonitor/PerformanceMonitor.uplugin" 129
"../../../Engine/Plugins/Runtime/ActorLayerUtilities/ActorLayerUtilities.uplugin" 130
"../../../Engine/Plugins/Tests/PythonAutomationTest/PythonAutomationTest.uplugin" 131
"../../../Engine/Plugins/Animation/AnimationLocomotionLibrary/AnimationLocomotionLibrary.uplugin" 132
"../../../Engine/Plugins/Tests/InterchangeTests/InterchangeTests.uplugin" 133
"../../../Engine/Plugins/Editor/UVEditor/UVEditor.uplugin" 134
"../../../Engine/Plugins/Runtime/AndroidFileServer/AndroidFileServer.uplugin" 135
"../../../Engine/Plugins/Animation/AnimationModifierLibrary/AnimationModifierLibrary.uplugin" 136
"../../../Engine/Plugins/Runtime/AnimationBudgetAllocator/AnimationBudgetAllocator.uplugin" 137
"../../../Engine/Plugins/Runtime/AndroidDeviceProfileSelector/AndroidDeviceProfileSelector.uplugin" 138
"../../../Engine/Plugins/Media/MediaPlayerEditor/MediaPlayerEditor.uplugin" 139
"../../../Engine/Plugins/Runtime/AppleImageUtils/AppleImageUtils.uplugin" 140
"../../../Engine/Plugins/Runtime/AppleMoviePlayer/AppleMoviePlayer.uplugin" 141
"../../../Engine/Plugins/Runtime/AssetTags/AssetTags.uplugin" 142
"../../../Engine/Plugins/Runtime/ArchVisCharacter/ArchVisCharacter.uplugin" 143
"../../../Engine/Plugins/Runtime/AudioModulation/AudioModulation.uplugin" 144
"../../../Engine/Plugins/Runtime/AudioCapture/AudioCapture.uplugin" 145
"../../../Engine/Plugins/Runtime/ApexDestruction/ApexDestruction.uplugin" 146
"../../../Engine/Plugins/Runtime/AudioSynesthesia/AudioSynesthesia.uplugin" 147
"../../../Engine/Plugins/Runtime/AudioMotorSim/AudioMotorSim.uplugin" 148
"../../../Engine/Plugins/Runtime/ChunkDownloader/ChunkDownloader.uplugin" 149
"../../../Engine/Plugins/Runtime/CommonUI/CommonUI.uplugin" 150
"../../../Engine/Plugins/Runtime/CableComponent/CableComponent.uplugin" 151
"../../../Engine/Plugins/MovieScene/CustomizableSequencerTracks/CustomizableSequencerTracks.uplugin" 152
"../../../Engine/Plugins/Runtime/ComputeFramework/ComputeFramework.uplugin" 153
"../../../Engine/Plugins/Runtime/CustomMeshComponent/CustomMeshComponent.uplugin" 154
"../../../Engine/Plugins/Runtime/Firebase/Firebase.uplugin" 155
"../../../Engine/Plugins/Runtime/DataRegistry/DataRegistry.uplugin" 156
"../../../Engine/Plugins/Runtime/ExampleDeviceProfileSelector/ExampleDeviceProfileSelector.uplugin" 157
"../../../Engine/Plugins/Runtime/GameFeatures/GameFeatures.uplugin" 158
"../../../Engine/Plugins/Runtime/GameplayAbilities/GameplayAbilities.uplugin" 159
"../../../Engine/Plugins/Runtime/GameInput/GameInput.uplugin" 160
"../../../Engine/Plugins/Runtime/GameplayInteractions/GameplayInteractions.uplugin" 161
"../../../Engine/Plugins/Runtime/GameplayStateTree/GameplayStateTree.uplugin" 162
"../../../Engine/Plugins/Runtime/GeometryProcessing/GeometryProcessing.uplugin" 163
"../../../Engine/Plugins/Runtime/GameplayBehaviorSmartObjects/GameplayBehaviorSmartObjects.uplugin" 164
"../../../Engine/Plugins/Runtime/GeometryCache/GeometryCache.uplugin" 165
"../../../Engine/Plugins/Runtime/GeometryScripting/GeometryScripting.uplugin" 166
"../../../Engine/Plugins/Runtime/HairStrands/HairStrands.uplugin" 167
"../../../Engine/Plugins/Runtime/GoogleCloudMessaging/GoogleCloudMessaging.uplugin" 168
"../../../Engine/Plugins/Runtime/Harmonix/Harmonix.uplugin" 169
"../../../Engine/Plugins/Runtime/GooglePAD/GooglePAD.uplugin" 170
"../../../Engine/Plugins/Runtime/HDRIBackdrop/HDRIBackdrop.uplugin" 171
"../../../Engine/Plugins/Runtime/HTTPChunkInstaller/HTTPChunkInstaller.uplugin" 172
"../../../Engine/Plugins/Runtime/HPMotionController/HPMotionController.uplugin" 173
"../../../Engine/Plugins/Runtime/InstancedActors/InstancedActors.uplugin" 174
"../../../Engine/Plugins/Runtime/InputDebugging/InputDebugging.uplugin" 175
"../../../Engine/Plugins/Runtime/GeoReferencing/GeoReferencing.uplugin" 176
"../../../Engine/Plugins/Runtime/LinuxDeviceProfileSelector/LinuxDeviceProfileSelector.uplugin" 177
"../../../Engine/Plugins/Runtime/IOSReplayKit/IOSReplayKit.uplugin" 178
"../../../Engine/Plugins/Runtime/LocationServicesBPLibrary/LocationServicesBPLibrary.uplugin" 179
"../../../Engine/Plugins/Runtime/LocationServicesAndroidImpl/LocationServicesAndroidImpl.uplugin" 180
"../../../Engine/Plugins/Runtime/LiveLinkOvernDisplay/LiveLinkOverNDisplay.uplugin" 181
"../../../Engine/Plugins/MovieScene/LevelSequenceEditor/LevelSequenceEditor.uplugin" 182
"../../../Engine/Plugins/Runtime/LocationServicesIOSImpl/LocationServicesIOSImpl.uplugin" 183
"../../../Engine/Plugins/Runtime/MassEntity/MassEntity.uplugin" 184
"../../../Engine/Plugins/Runtime/MassGameplay/MassGameplay.uplugin" 185
"../../../Engine/Plugins/Runtime/MeshModelingToolset/MeshModelingToolset.uplugin" 186
"../../../Engine/Plugins/Runtime/Metasound/Metasound.uplugin" 187
"../../../Engine/Plugins/Runtime/MIDIDevice/MIDIDevice.uplugin" 188
"../../../Engine/Plugins/Runtime/MobileFSR/MobileFSR.uplugin" 189
"../../../Engine/Plugins/Runtime/MicrosoftSpatialAudio/MicroSoftSpatialSound.uplugin" 190
"../../../Engine/Plugins/Runtime/ModelViewViewModel/ModelViewViewModel.uplugin" 191
"../../../Engine/Plugins/Runtime/MixedRealityCaptureFramework/MixedRealityCaptureFramework.uplugin" 192
"../../../Engine/Plugins/Runtime/ModularGameplay/ModularGameplay.uplugin" 193
"../../../Engine/Plugins/Runtime/nDisplay/nDisplay.uplugin" 194
"../../../Engine/Plugins/Runtime/MsQuic/MsQuic.uplugin" 195
"../../../Engine/Plugins/Runtime/NavCorridor/NavCorridor.uplugin" 196
"../../../Engine/Plugins/Runtime/nDisplayModularFeatures/nDisplayModularFeatures.uplugin" 197
"../../../Engine/Plugins/Runtime/NetworkPredictionExtras/NetworkPredictionExtras.uplugin" 198
"../../../Engine/Plugins/Runtime/OpenCV/OpenCV.uplugin" 199
"../../../Engine/Plugins/Runtime/NetworkPredictionInsights/NetworkPredictionInsights.uplugin" 200
"../../../Engine/Plugins/Runtime/NetworkPrediction/NetworkPrediction.uplugin" 201
"../../../Engine/Plugins/Runtime/OpenXR/OpenXR.uplugin" 202
"../../../Engine/Plugins/Runtime/OpenXREyeTracker/OpenXREyeTracker.uplugin" 203
"../../../Engine/Plugins/Runtime/OpenXRMsftHandInteraction/OpenXRMsftHandInteraction.uplugin" 204
"../../../Engine/Plugins/Runtime/OpenXRViveTracker/OpenXRViveTracker.uplugin" 205
"../../../Engine/Plugins/Runtime/OptionalMobileFeaturesBPLibrary/OptionalMobileFeaturesBPLibrary.uplugin" 206
"../../../Engine/Plugins/MemoryUsageQueries/MemoryUsageQueries.uplugin" 207
"../../../Engine/Plugins/Runtime/OSCModulationMixing/OSCModulationMixing.uplugin" 208
"../../../Engine/Plugins/Runtime/OSC/OSC.uplugin" 209
"../../../Engine/Plugins/Editor/MobileLauncherProfileWizard/MobileLauncherProfileWizard.uplugin" 210
"../../../Engine/Plugins/Runtime/ProceduralMeshComponent/ProceduralMeshComponent.uplugin" 211
"../../../Engine/Plugins/Runtime/IOSDeviceProfileSelector/IOSDeviceProfileSelector.uplugin" 212
"../../../Engine/Plugins/Runtime/LevelStreamingPersistence/LevelStreamingPersistence.uplugin" 213
"../../../Engine/Plugins/Runtime/ScriptableToolsFramework/ScriptableToolsFramework.uplugin" 214
"../../../Engine/Plugins/Runtime/SkeletalMerging/SkeletalMerging.uplugin" 215
"../../../Engine/Plugins/Runtime/SignificanceManager/SignificanceManager.uplugin" 216
"../../../Engine/Plugins/Runtime/SmartObjects/SmartObjects.uplugin" 217
"../../../Engine/Plugins/Runtime/SoundCueTemplates/SoundCueTemplates.uplugin" 218
"../../../Engine/Plugins/Runtime/SoundFields/SoundFields.uplugin" 219
"../../../Engine/Plugins/Runtime/PreLoadScreenMoviePlayer/PreLoadScreenMoviePlayer.uplugin" 220
"../../../Engine/Plugins/Runtime/SoundMod/SoundMod.uplugin" 221
"../../../Engine/Plugins/Editor/SampleToolsEditorMode/SampleToolsEditorMode.uplugin" 222
"../../../Engine/Plugins/Runtime/Soundscape/Soundscape.uplugin" 223
"../../../Engine/Plugins/Runtime/ReplicationSystemTestPlugin/ReplicationSystemTestPlugin.uplugin" 224
"../../../Engine/Plugins/Editor/ScriptableToolsEditorMode/ScriptableToolsEditorMode.uplugin" 225
"../../../Engine/Plugins/Runtime/SoundUtilities/SoundUtilities.uplugin" 226
"../../../Engine/Plugins/Runtime/Spatialization/Spatialization.uplugin" 227
"../../../Engine/Plugins/Runtime/StateTree/StateTree.uplugin" 228
"../../../Engine/Plugins/Runtime/ReplicationGraph/ReplicationGraph.uplugin" 229
"../../../Engine/Plugins/Runtime/Synthesis/Synthesis.uplugin" 230
"../../../Engine/Plugins/Media/AndroidMedia/AndroidMedia.uplugin" 231
"../../../Engine/Plugins/Runtime/WarpUtils/WarpUtils.uplugin" 232
"../../../Engine/Plugins/Runtime/WebBrowserNativeProxy/WebBrowserNativeProxy.uplugin" 233
"../../../Engine/Plugins/Runtime/WebMMoviePlayer/WebMMoviePlayer.uplugin" 234
"../../../Engine/Plugins/Runtime/WorldConditions/WorldConditions.uplugin" 235
"../../../Engine/Plugins/Runtime/WindowsDeviceProfileSelector/WindowsDeviceProfileSelector.uplugin" 236
"../../../Engine/Plugins/Runtime/WindowsMoviePlayer/WindowsMoviePlayer.uplugin" 237
"../../../Engine/Plugins/Runtime/WebBrowserWidget/WebBrowserWidget.uplugin" 238
"../../../Engine/Plugins/Animation/BlendSpaceMotionAnalysis/BlendSpaceMotionAnalysis.uplugin" 239
"../../../Engine/Plugins/Runtime/XRBase/XRBase.uplugin" 240
"../../../Engine/Plugins/Runtime/ZoneGraph/ZoneGraph.uplugin" 241
"../../../Engine/Plugins/Runtime/ZoneGraphAnnotations/ZoneGraphAnnotations.uplugin" 242
"../../../Engine/Plugins/Runtime/WaveTable/WaveTable.uplugin" 243
"../../../Engine/Plugins/FX/Niagara/Niagara.uplugin" 244
"../../../Engine/Plugins/FX/NiagaraSimCaching/NiagaraSimCaching.uplugin" 245
"../../../Engine/Plugins/FX/NiagaraMRQ/NiagaraMRQ.uplugin" 246
"../../../Engine/Plugins/Runtime/AndroidPermission/AndroidPermission.uplugin" 247
"../../../Engine/Plugins/Enterprise/AxFImporter/AxFImporter.uplugin" 248
"../../../Engine/Plugins/Runtime/AudioWidgets/AudioWidgets.uplugin" 249
"../../../Engine/Plugins/Compositing/LensDistortion/LensDistortion.uplugin" 250
"../../../Engine/Plugins/Animation/LiveLinkHub/LiveLinkHub.uplugin" 251
"../../../Engine/Plugins/Enterprise/DatasmithCADImporter/DatasmithCADImporter.uplugin" 252
"../../../Engine/Plugins/Runtime/SunPosition/SunPosition.uplugin" 253
"../../../Engine/Plugins/Enterprise/DatasmithFBXImporter/DatasmithFBXImporter.uplugin" 254
"../../../Engine/Plugins/Enterprise/DatasmithContent/DatasmithContent.uplugin" 255
"../../../Engine/Plugins/Enterprise/DatasmithImporter/DatasmithImporter.uplugin" 256
"../../../Engine/Plugins/Enterprise/MDLImporter/MDLImporter.uplugin" 257
"../../../Engine/Plugins/Enterprise/GLTFExporter/GLTFExporter.uplugin" 258
"../../../Engine/Plugins/Enterprise/VariantManager/VariantManager.uplugin" 259
"../../../Engine/Plugins/Animation/DeformerGraph/DeformerGraph.uplugin" 260
"../../../Engine/Plugins/Enterprise/LidarPointCloud/LidarPointCloud.uplugin" 261
"../../../Engine/Plugins/Developer/AnimationSharing/AnimationSharing.uplugin" 262
"../../../Engine/Plugins/Enterprise/VariantManagerContent/VariantManagerContent.uplugin" 263
"../../../Engine/Plugins/Developer/BlankPlugin/BlankPlugin.uplugin" 264
"../../../Engine/Plugins/Developer/CLionSourceCodeAccess/CLionSourceCodeAccess.uplugin" 265
"../../../Engine/Plugins/Developer/DumpGPUServices/DumpGPUServices.uplugin" 266
"../../../Engine/Plugins/Developer/CodeLiteSourceCodeAccess/CodeLiteSourceCodeAccess.uplugin" 267
"../../../Engine/Plugins/Developer/N10XSourceCodeAccess/N10XSourceCodeAccess.uplugin" 268
"../../../Engine/Plugins/Developer/KDevelopSourceCodeAccess/KDevelopSourceCodeAccess.uplugin" 269
"../../../Engine/Plugins/Enterprise/DataprepEditor/DataprepEditor.uplugin" 270
"../../../Engine/Plugins/Developer/OneSkyLocalizationService/OneSkyLocalizationService.uplugin" 271
"../../../Engine/Plugins/Developer/PerforceSourceControl/PerforceSourceControl.uplugin" 272
"../../../Engine/Plugins/Developer/PixWinPlugin/PixWinPlugin.uplugin" 273
"../../../Engine/Plugins/Developer/PlasticSourceControl/PlasticSourceControl.uplugin" 274
"../../../Engine/Plugins/Runtime/PropertyAccess/PropertyAccessEditor.uplugin" 275
"../../../Engine/Plugins/Tests/AutomationDriverTests/AutomationDriverTests.uplugin" 276
"../../../Engine/Plugins/MovieScene/MovieRenderPipeline/MovieRenderPipeline.uplugin" 277
"../../../Engine/Plugins/Runtime/OpenXRHandTracking/OpenXRHandTracking.uplugin" 278
"../../../Engine/Plugins/Developer/RenderDocPlugin/RenderDocPlugin.uplugin" 279
"../../../Engine/Plugins/Developer/RiderSourceCodeAccess/RiderSourceCodeAccess.uplugin" 280
"../../../Engine/Plugins/Developer/PluginUtils/PluginUtils.uplugin" 281
"../../../Engine/Plugins/Developer/TraceSourceFiltering/TraceSourceFilters.uplugin" 282
"../../../Engine/Plugins/Runtime/MobilePatchingUtils/MobilePatchingUtils.uplugin" 283
"../../../Engine/Plugins/Developer/UObjectPlugin/UObjectPlugin.uplugin" 284
"../../../Engine/Plugins/Developer/VisualStudioSourceCodeAccess/VisualStudioSourceCodeAccess.uplugin" 285
"../../../Engine/Plugins/Developer/XcodeGPUDebuggerPlugin/XcodeGPUDebuggerPlugin.uplugin" 286
"../../../Engine/Plugins/Developer/TraceDataFiltering/TraceDataFilters.uplugin" 287
"../../../Engine/Plugins/Developer/VisualStudioCodeSourceCodeAccess/VisualStudioCodeSourceCodeAccess.uplugin" 288
"../../../Engine/Plugins/Developer/XCodeSourceCodeAccess/XCodeSourceCodeAccess.uplugin" 289
"../../../Engine/Plugins/Compression/OodleNetwork/OodleNetwork.uplugin" 290
"../../../Engine/Plugins/Importers/AlembicImporter/AlembicImporter.uplugin" 291
"../../../Engine/Plugins/Runtime/RenderTrace/RenderTrace.uplugin" 292
"../../../Engine/Plugins/Importers/AlembicHairImporter/AlembicHairImporter.uplugin" 293
"../../../Engine/Plugins/Importers/USDImporter/USDImporter.uplugin" 294
"../../../Engine/Plugins/Importers/USDMultiUser/USDMultiUser.uplugin" 295
"../../../Engine/Plugins/Messaging/MessagingDebugger/MessagingDebugger.uplugin" 296
"../../../Engine/Plugins/Messaging/UdpMessaging/UdpMessaging.uplugin" 297
"../../../Engine/Plugins/Messaging/TcpMessaging/TcpMessaging.uplugin" 298
"../../../Engine/Plugins/Online/EOSOverlayInputProvider/EOSOverlayInputProvider.uplugin" 299
"../../../Engine/Plugins/Online/EOSShared/EOSShared.uplugin" 300
"../../../Engine/Plugins/Online/OnlineBase/OnlineBase.uplugin" 301
"../../../Engine/Plugins/Online/OnlineFramework/OnlineFramework.uplugin" 302
"../../../Engine/Plugins/Online/OnlineServices/OnlineServices.uplugin" 303
"../../../Engine/Plugins/Online/OnlineServicesEOS/OnlineServicesEOS.uplugin" 304
"../../../Engine/Plugins/Runtime/ResonanceAudio/ResonanceAudio.uplugin" 305
"../../../Engine/Plugins/Runtime/AndroidBackgroundService/AndroidBackgroundService.uplugin" 306
"../../../Engine/Plugins/Online/OnlineSubsystem/OnlineSubsystem.uplugin" 307
"../../../Engine/Plugins/Online/OnlineServicesNull/OnlineServicesNull.uplugin" 308
"../../../Engine/Plugins/Runtime/AndroidMoviePlayer/AndroidMoviePlayer.uplugin" 309
"../../../Engine/Plugins/Compositing/OpenColorIO/OpenColorIO.uplugin" 310
"../../../Engine/Plugins/Online/OnlineSubsystemEOS/OnlineSubsystemEOS.uplugin" 311
"../../../Engine/Plugins/Online/OnlineSubsystemGoogle/OnlineSubsystemGoogle.uplugin" 312
"../../../Engine/Plugins/Online/OnlineSubsystemNull/OnlineSubsystemNull.uplugin" 313
"../../../Engine/Plugins/Online/OnlineSubsystemFacebook/OnlineSubsystemFacebook.uplugin" 314
"../../../Engine/Plugins/Online/OnlineSubsystemSteam/OnlineSubsystemSteam.uplugin" 315
"../../../Engine/Plugins/Online/OnlineSubsystemOculus/OnlineSubsystemOculus.uplugin" 316
"../../../Engine/Plugins/Online/OnlineSubsystemTencent/OnlineSubsystemTencent.uplugin" 317
"../../../Engine/Plugins/Online/OnlineSubsystemUtils/OnlineSubsystemUtils.uplugin" 318
"../../../Engine/Plugins/Online/SocketSubsystemEOS/SocketSubsystemEOS.uplugin" 319
"../../../Engine/Plugins/Online/WebAuth/WebAuth.uplugin" 320
"../../../Engine/Plugins/Slate/SlateInsights/SlateInsights.uplugin" 321
"../../../Engine/Plugins/Protocols/MQTT/MQTT.uplugin" 322
"../../../Engine/Plugins/Slate/SlateScripting/SlateScripting.uplugin" 323
"../../../Engine/Plugins/Experimental/ActorPalette/ActorPalette.uplugin" 324
"../../../Engine/Plugins/Experimental/ActorModifierCore/ActorModifierCore.uplugin" 325
"../../../Engine/Plugins/Experimental/AnimNext/AnimNext.uplugin" 326
"../../../Engine/Plugins/Experimental/AnimToTexture/AnimToTexture.uplugin" 327
"../../../Engine/Plugins/Experimental/AutomationUtils/AutomationUtils.uplugin" 328
"../../../Engine/Plugins/Experimental/AdvancedRenamer/AdvancedRenamer.uplugin" 329
"../../../Engine/Plugins/Experimental/AbilitySystemGameFeatureActions/AbilitySystemGameFeatureActions.uplugin" 330
"../../../Engine/Plugins/Experimental/AppleVision/AppleVision.uplugin" 331
"../../../Engine/Plugins/Runtime/PropertyBindingUtils/PropertyBindingUtils.uplugin" 332
"../../../Engine/Plugins/Experimental/Avalanche/Avalanche.uplugin" 333
"../../../Engine/Plugins/Experimental/BackChannel/BackChannel.uplugin" 334
"../../../Engine/Plugins/Developer/PropertyAccessNode/PropertyAccessNode.uplugin" 335
"../../../Engine/Plugins/Experimental/BlueprintStats/BlueprintStats.uplugin" 336
"../../../Engine/Plugins/Developer/TextureFormatOodle/TextureFormatOodle.uplugin" 337
"../../../Engine/Plugins/Experimental/ChaosCachingUSD/ChaosCachingUSD.uplugin" 338
"../../../Engine/Plugins/Experimental/ChaosEditor/ChaosEditor.uplugin" 339
"../../../Engine/Plugins/Experimental/ChaosFlesh/ChaosFlesh.uplugin" 340
"../../../Engine/Plugins/Experimental/ChaosModularVehicle/ChaosModularVehicle.uplugin" 341
"../../../Engine/Plugins/Experimental/ChaosNiagara/ChaosNiagara.uplugin" 342
"../../../Engine/Plugins/Experimental/ChaosSolverPlugin/ChaosSolverPlugin.uplugin" 343
"../../../Engine/Plugins/Experimental/ChaosUserDataPT/ChaosUserDataPT.uplugin" 344
"../../../Engine/Plugins/Experimental/ChaosVehiclesPlugin/ChaosVehiclesPlugin.uplugin" 345
"../../../Engine/Plugins/Experimental/CharacterAI/CharacterAI.uplugin" 346
"../../../Engine/Plugins/Experimental/ChaosClothEditor/ChaosClothEditor.uplugin" 347
"../../../Engine/Plugins/Experimental/Chooser/Chooser.uplugin" 348
"../../../Engine/Plugins/Experimental/Buoyancy/Buoyancy.uplugin" 349
"../../../Engine/Plugins/Experimental/CineCameraRigs/CineCameraRigs.uplugin" 350
"../../../Engine/Plugins/Experimental/CineCameraSceneCapture/CineCameraSceneCapture.uplugin" 351
"../../../Engine/Plugins/Experimental/CinematicPrestreaming/CinematicPrestreaming.uplugin" 352
"../../../Engine/Plugins/Enterprise/DatasmithC4DImporter/DatasmithC4DImporter.uplugin" 353
"../../../Engine/Plugins/Experimental/ColorCorrectRegions/ColorCorrectRegions.uplugin" 354
"../../../Engine/Plugins/Experimental/ClonerEffector/ClonerEffector.uplugin" 355
"../../../Engine/Plugins/Experimental/CodeView/CodeView.uplugin" 356
"../../../Engine/Plugins/Experimental/CustomDetailsView/CustomDetailsView.uplugin" 357
"../../../Engine/Plugins/Experimental/CodeEditor/CodeEditor.uplugin" 358
"../../../Engine/Plugins/Experimental/Dataflow/Dataflow.uplugin" 359
"../../../Engine/Plugins/Experimental/DatasmithCloTranslator/DatasmithCloTranslator.uplugin" 360
"../../../Engine/Plugins/Experimental/ControlFlows/ControlFlows.uplugin" 361
"../../../Engine/Plugins/Experimental/DynamicMaterial/DynamicMaterial.uplugin" 362
"../../../Engine/Plugins/Experimental/DefaultInstallBundleManager/DefaultInstallBundleManager.uplugin" 363
"../../../Engine/Plugins/Experimental/FieldSystemPlugin/FieldSystemPlugin.uplugin" 364
"../../../Engine/Plugins/Experimental/Fracture/Fracture.uplugin" 365
"../../../Engine/Plugins/Experimental/GameInputWindows/GameInputWindows.uplugin" 366
"../../../Engine/Plugins/Experimental/GameplayGraph/GameplayGraph.uplugin" 367
"../../../Engine/Plugins/Online/OnlineSubsystemAmazon/OnlineSubsystemAmazon.uplugin" 368
"../../../Engine/Plugins/Experimental/FullBodyIK/FullBodyIK.uplugin" 369
"../../../Engine/Plugins/Experimental/BlueprintSnapNodes/BlueprintSnapNodes.uplugin" 370
"../../../Engine/Plugins/MovieScene/TemplateSequence/TemplateSequence.uplugin" 371
"../../../Engine/Plugins/Experimental/GeometryCollectionPlugin/GeometryCollectionPlugin.uplugin" 372
"../../../Engine/Plugins/Experimental/GeometryFlow/GeometryFlow.uplugin" 373
"../../../Engine/Plugins/Experimental/GameplayBehaviors/GameplayBehaviors.uplugin" 374
"../../../Engine/Plugins/Experimental/GeometryMask/GeometryMask.uplugin" 375
"../../../Engine/Plugins/Experimental/GameplayTargetingSystem/TargetingSystem.uplugin" 376
"../../../Engine/Plugins/Experimental/GizmoFramework/GizmoFramework.uplugin" 377
"../../../Engine/Plugins/Experimental/GPULightmass/GPULightmass.uplugin" 378
"../../../Engine/Plugins/Experimental/ImpostorBaker/ImpostorBaker.uplugin" 379
"../../../Engine/Plugins/Experimental/HairModelingToolset/HairModelingToolset.uplugin" 380
"../../../Engine/Plugins/Experimental/HairCardGenerator/HairCardGenerator.uplugin" 381
"../../../Engine/Plugins/Experimental/ImagePlate/ImagePlate.uplugin" 382
"../../../Engine/Plugins/Experimental/InstanceDataObjectFixupTool/InstanceDataObjectFixupTool.uplugin" 383
"../../../Engine/Plugins/Experimental/Iris/Iris.uplugin" 384
"../../../Engine/Plugins/Experimental/JWT/JWT.uplugin" 385
"../../../Engine/Plugins/Experimental/LandscapePatch/LandscapePatch.uplugin" 386
"../../../Engine/Plugins/Experimental/Landmass/Landmass.uplugin" 387
"../../../Engine/Plugins/Experimental/LearningAgents/LearningAgents.uplugin" 388
"../../../Engine/Plugins/Experimental/LiveLinkControlRig/LiveLinkControlRig.uplugin" 389
"../../../Engine/Plugins/Experimental/LiveLinkFaceImporter/LiveLinkFaceImporter.uplugin" 390
"../../../Engine/Plugins/AudioGameplayVolume/AudioGameplayVolume.uplugin" 391
"../../../Engine/Plugins/Experimental/LocalizableMessage/LocalizableMessage.uplugin" 392
"../../../Engine/Plugins/Experimental/MeshModelingToolsetExp/MeshModelingToolsetExp.uplugin" 393
"../../../Engine/Plugins/Experimental/MotorSimOutputMotoSynth/MotorSimOutputMotoSynth.uplugin" 394
"../../../Engine/Plugins/Experimental/MotoSynth/MotoSynth.uplugin" 395
"../../../Engine/Plugins/Experimental/Mover/Mover.uplugin" 396
"../../../Engine/Plugins/Tests/FbxAutomationTestBuilder/FbxAutomationTestBuilder.uplugin" 397
"../../../Engine/Plugins/Experimental/GeometryCacheAbcFile/GeometryCacheAbcFile.uplugin" 398
"../../../Engine/Plugins/Developer/SubversionSourceControl/SubversionSourceControl.uplugin" 399
"../../../Engine/Plugins/Online/OnlineServicesOSSAdapter/OnlineServicesOSSAdapter.uplugin" 400
"../../../Engine/Plugins/Experimental/CommonConversation/CommonConversation.uplugin" 401
"../../../Engine/Plugins/Experimental/NeuralRendering/NeuralRendering.uplugin" 402
"../../../Engine/Plugins/Experimental/FloatingProperties/FloatingProperties.uplugin" 403
"../../../Engine/Plugins/Animation/ACLPlugin/ACLPlugin.uplugin" 404
"../../../Engine/Plugins/Experimental/NNERuntimeIREE/NNERuntimeIREE.uplugin" 405
"../../../Engine/Plugins/Experimental/NNERuntimeRDG/NNERuntimeRDG.uplugin" 406
"../../../Engine/Plugins/Experimental/OpenImageDenoise/OpenImageDenoise.uplugin" 407
"../../../Engine/Plugins/Experimental/OperatorStack/OperatorStack.uplugin" 408
"../../../Engine/Plugins/Experimental/OptiXDenoise/OptiXDenoise.uplugin" 409
"../../../Engine/Plugins/Experimental/PCGBiomeCore/PCGBiomeCore.uplugin" 410
"../../../Engine/Plugins/Experimental/PCGBiomeSample/PCGBiomeSample.uplugin" 411
"../../../Engine/Plugins/Experimental/PlatformCrypto/PlatformCrypto.uplugin" 412
"../../../Engine/Plugins/FX/NiagaraFluids/NiagaraFluids.uplugin" 413
"../../../Engine/Plugins/JsonBlueprintUtilities/JsonBlueprintUtilities.uplugin" 414
"../../../Engine/Plugins/FX/CascadeToNiagaraConverter/CascadeToNiagaraConverter.uplugin" 415
"../../../Engine/Plugins/Experimental/PhysicsControl/PhysicsControl.uplugin" 416
"../../../Engine/Plugins/Experimental/PCGWaterInterop/PCGWaterInterop.uplugin" 417
"../../../Engine/Plugins/Experimental/PlanarCutPlugin/PlanarCut.uplugin" 418
"../../../Engine/Plugins/Experimental/PluginReferenceViewer/PluginReferenceViewer.uplugin" 419
"../../../Engine/Plugins/Compositing/Composure/Composure.uplugin" 420
"../../../Engine/Plugins/Experimental/PluginAudit/PluginAudit.uplugin" 421
"../../../Engine/Plugins/Experimental/PythonFoundationPackages/PythonFoundationPackages.uplugin" 422
"../../../Engine/Plugins/Experimental/GizmoEdMode/GizmoEdMode.uplugin" 423
"../../../Engine/Plugins/Experimental/PostProcessMaterialChainGraph/PostProcessMaterialChainGraph.uplugin" 424
"../../../Engine/Plugins/Experimental/PythonScriptPlugin/PythonScriptPlugin.uplugin" 425
"../../../Engine/Plugins/Experimental/RawInput/RawInput.uplugin" 426
"../../../Engine/Plugins/Experimental/RemoteControlComponents/RemoteControlComponents.uplugin" 427
"../../../Engine/Plugins/Online/OnlineSubsystemApple/OnlineSubsystemApple.uplugin" 428
"../../../Engine/Plugins/Experimental/RemoteSession/RemoteSession.uplugin" 429
"../../../Engine/Plugins/Experimental/ScreenReader/ScreenReader.uplugin" 430
"../../../Engine/Plugins/Experimental/SecuritySandbox/SecuritySandbox.uplugin" 431
"../../../Engine/Plugins/Experimental/SerializationUtils/SerializationUtils.uplugin" 432
"../../../Engine/Plugins/Experimental/Shotgrid/Shotgrid.uplugin" 433
"../../../Engine/Plugins/Experimental/SimpleHMD/SimpleHMD.uplugin" 434
"../../../Engine/Plugins/Experimental/SkeletalReduction/SkeletalReduction.uplugin" 435
"../../../Engine/Plugins/Experimental/SlateScreenReader/SlateScreenReader.uplugin" 436
"../../../Engine/Plugins/Experimental/MoverTests/MoverTests.uplugin" 437
"../../../Engine/Plugins/Online/OnlineServicesEOSGS/OnlineServicesEOSGS.uplugin" 438
"../../../Engine/Plugins/Experimental/PluginTemplateTool/PluginTemplateTool.uplugin" 439
"../../../Engine/Plugins/Experimental/RenderGrid/RenderGrid.uplugin" 440
"../../../Engine/Plugins/Experimental/StateGraph/StateGraph.uplugin" 441
"../../../Engine/Plugins/Experimental/StormSyncAvalancheBridge/StormSyncAvalancheBridge.uplugin" 442
"../../../Engine/Plugins/Experimental/SurfaceEffects/SurfaceEffects.uplugin" 443
"../../../Engine/Plugins/Experimental/TargetDeviceServicesScripting/TargetDeviceServicesScripting.uplugin" 444
"../../../Engine/Plugins/Experimental/TetMeshing/TetMeshing.uplugin" 445
"../../../Engine/Plugins/Experimental/Text3D/Text3D.uplugin" 446
"../../../Engine/Plugins/Experimental/TextToSpeech/TextToSpeech.uplugin" 447
"../../../Engine/Plugins/Experimental/TextureMediaPlayer/TextureMediaPlayer.uplugin" 448
"../../../Engine/Plugins/Experimental/ToolPresets/ToolPresets.uplugin" 449
"../../../Engine/Plugins/Experimental/TypedElementDataStorageEditorUI/TypedElementDataStorageEditorUI.uplugin" 450
"../../../Engine/Plugins/Experimental/TypedElementsDataStorage/TypedElementsDataStorage.uplugin" 451
"../../../Engine/Plugins/Experimental/TextureGraph/TextureGraph.uplugin" 452
"../../../Engine/Plugins/Experimental/UIFramework/UIFramework.uplugin" 453
"../../../Engine/Plugins/Experimental/UserToolBoxBasicCommand/UserToolBoxBasicCommand.uplugin" 454
"../../../Engine/Plugins/Experimental/UserToolBoxCore/UserToolBoxCore.uplugin" 455
"../../../Engine/Plugins/Experimental/VirtualHeightfieldMesh/VirtualHeightfieldMesh.uplugin" 456
"../../../Engine/Plugins/Experimental/VirtualScouting/VirtualScouting.uplugin" 457
"../../../Engine/Plugins/Experimental/MoverExamples/MoverExamples.uplugin" 458
"../../../Engine/Plugins/Experimental/Mutable/Mutable.uplugin" 459
"../../../Engine/Plugins/Experimental/WaterExtras/WaterExtras.uplugin" 460
"../../../Engine/Plugins/Experimental/StormSync/StormSync.uplugin" 461
"../../../Engine/Plugins/Experimental/StructUtils/StructUtils.uplugin" 462
"../../../Engine/Plugins/Experimental/Gauntlet/Gauntlet.uplugin" 463
"../../../Engine/Plugins/Experimental/ChaosCaching/ChaosCaching.uplugin" 464
"../../../Engine/Plugins/Experimental/WidgetEditorToolPalette/WidgetEditorToolPalette.uplugin" 465
"../../../Engine/Plugins/Experimental/NNEDenoiser/NNEDenoiser.uplugin" 466
"../../../Engine/Plugins/NetcodeUnitTest/NetcodeUnitTest/NetcodeUnitTest.uplugin" 467
"../../../Engine/Plugins/MovieScene/SequencerScripting/SequencerScripting.uplugin" 468
"../../../Engine/Plugins/Experimental/StudioTelemetry/StudioTelemetry.uplugin" 469
"../../../Engine/Plugins/Compositing/OpenCVLensDistortion/OpenCVLensDistortion.uplugin" 470
"../../../Engine/Plugins/VirtualProduction/CompositePlane/CompositePlane.uplugin" 471
"../../../Engine/Plugins/NetcodeUnitTest/NUTUnrealEngine/NUTUnrealEngine.uplugin" 472
"../../../Engine/Plugins/Experimental/QuicMessaging/QuicMessaging.uplugin" 473
"../../../Engine/Plugins/VirtualProduction/EpicStageApp/EpicStageApp.uplugin" 474
"../../../Engine/Plugins/VirtualProduction/ICVFX/ICVFX.uplugin" 475
"../../../Engine/Plugins/Experimental/Water/Water.uplugin" 476
"../../../Engine/Plugins/VirtualProduction/LensComponent/LensComponent.uplugin" 477
"../../../Engine/Plugins/Experimental/NaniteDisplacedMesh/NaniteDisplacedMesh.uplugin" 478
"../../../Engine/Plugins/VirtualProduction/DataCharts/DataCharts.uplugin" 479
"../../../Engine/Plugins/Experimental/SVGImporter/SVGImporter.uplugin" 480
"../../../Engine/Plugins/Experimental/WebSocketMessaging/WebSocketMessaging.uplugin" 481
"../../../Engine/Plugins/VirtualProduction/LiveLinkInputDevice/LiveLinkInputDevice.uplugin" 482
"../../../Engine/Plugins/VirtualProduction/LiveLinkLens/LiveLinkLens.uplugin" 483
"../../../Engine/Plugins/VirtualProduction/LiveLinkMasterLockit/LiveLinkMasterLockit.uplugin" 484
"../../../Engine/Plugins/VirtualProduction/LiveLinkVRPN/LiveLinkVRPN.uplugin" 485
"../../../Engine/Plugins/VirtualProduction/MultiUserTakes/MultiUserTakes.uplugin" 486
"../../../Engine/Plugins/VirtualProduction/LiveLinkXR/LiveLinkXR.uplugin" 487
"../../../Engine/Plugins/VirtualProduction/RemoteControl/RemoteControl.uplugin" 488
"../../../Engine/Plugins/VirtualProduction/RemoteControlProtocolOSC/RemoteControlProtocolOSC.uplugin" 489
"../../../Engine/Plugins/VirtualProduction/RemoteControlProtocolDMX/RemoteControlProtocolDMX.uplugin" 490
"../../../Engine/Plugins/VirtualProduction/RemoteControlWebInterface/RemoteControlWebInterface.uplugin" 491
"../../../Engine/Plugins/VirtualProduction/RemoteControlProtocolMIDI/RemoteControlProtocolMIDI.uplugin" 492
"../../../Engine/Plugins/VirtualProduction/SequencerPlaylists/SequencerPlaylists.uplugin" 493
"../../../Engine/Plugins/VirtualProduction/StageMonitoring/StageMonitoring.uplugin" 494
"../../../Engine/Plugins/VirtualProduction/Switchboard/Switchboard.uplugin" 495
"../../../Engine/Plugins/VirtualProduction/Takes/Takes.uplugin" 496
"../../../Engine/Plugins/VirtualProduction/TextureShare/TextureShare.uplugin" 497
"../../../Engine/Plugins/Experimental/XRCreativeFramework/XRCreativeFramework.uplugin" 498
"../../../Engine/Plugins/Experimental/VirtualProductionUtilities/VirtualProductionUtilities.uplugin" 499
"../../../Engine/Plugins/Developer/NullSourceCodeAccess/NullSourceCodeAccess.uplugin" 500
"../../../Engine/Plugins/Experimental/PixelStreamingPlayer/PixelStreamingPlayer.uplugin" 501
"../../../Engine/Plugins/Experimental/PanoramicCapture/PanoramicCapture.uplugin" 502
"../../../Engine/Plugins/VirtualProduction/TimedDataMonitor/TimedDataMonitor.uplugin" 503
"../../../Engine/Plugins/Experimental/WebSocketNetworking/WebSocketNetworking.uplugin" 504
"../../../Engine/Plugins/VirtualProduction/ICVFXTesting/ICVFXTesting.uplugin" 505
"../../../Engine/Plugins/VirtualProduction/LiveLinkCamera/LiveLinkCamera.uplugin" 506
"../../../Engine/Plugins/Experimental/NNERuntimeBasicCpu/NNERuntimeBasicCpu.uplugin" 507
"../../../Engine/Plugins/Experimental/PropertyAnimatorCore/PropertyAnimatorCore.uplugin" 508
"../../../Engine/Plugins/Experimental/Volumetrics/Volumetrics.uplugin" 509
"../../../Engine/Plugins/VirtualProduction/LiveLinkFreeD/LiveLinkFreeD.uplugin" 510
"../../../Engine/Plugins/VirtualProduction/CameraCalibration/CameraCalibration.uplugin" 511
"../../../Engine/Plugins/Editor/ContentBrowser/ContentBrowserAliasDataSoure/ContentBrowserAliasDataSource.uplugin" 512
"../../../Engine/Plugins/Editor/ContentBrowser/ContentBrowserAssetDataSource/ContentBrowserAssetDataSource.uplugin" 513
"../../../Engine/Plugins/Editor/ContentBrowser/ContentBrowserClassDataSource/ContentBrowserClassDataSource.uplugin" 514
"../../../Engine/Plugins/Editor/ContentBrowser/ContentBrowserFileDataSource/ContentBrowserFileDataSource.uplugin" 515
"../../../Engine/Plugins/Experimental/CharacterFXEditor/ExampleCharacterFXEditor/ExampleCharacterFXEditor.uplugin" 516
"../../../Engine/Plugins/Runtime/AR/ARUtilities/ARUtilities.uplugin" 517
"../../../Engine/Plugins/Runtime/AR/AzureSpatialAnchorsForARCore/AzureSpatialAnchorsForARCore.uplugin" 518
"../../../Engine/Plugins/Runtime/AR/AzureSpatialAnchors/AzureSpatialAnchors.uplugin" 519
"../../../Engine/Plugins/Experimental/VirtualProduction/LedWallCalibration/LedWallCalibration.uplugin" 520
"../../../Engine/Plugins/Experimental/VirtualProduction/VPRoles/VPRoles.uplugin" 521
"../../../Engine/Plugins/Experimental/VirtualProduction/VPSettings/VPSettings.uplugin" 522
"../../../Engine/Plugins/Runtime/AR/AzureSpatialAnchorsForARKit/AzureSpatialAnchorsForARKit.uplugin" 523
"../../../Engine/Plugins/Experimental/CharacterFXEditor/BaseCharacterFXEditor/BaseCharacterFXEditor.uplugin" 524
"../../../Engine/Plugins/Editor/Localization/PortableObjectFileDataSource/PortableObjectFileDataSource.uplugin" 525
"../../../Engine/Plugins/Online/IOS/OnlineSubsystemIOS/OnlineSubsystemIOS.uplugin" 526
"../../../Engine/Plugins/Editor/ObjectMixer/LightMixer/LightMixer.uplugin" 527
"../../../Engine/Plugins/Animation/MLDeformer/ChaosClothGenerator/ChaosClothGenerator.uplugin" 528
"../../../Engine/Plugins/Animation/MLDeformer/MLDeformerFramework/MLDeformerFramework.uplugin" 529
"../../../Engine/Plugins/Animation/MLDeformer/VertexDeltaModel/VertexDeltaModel.uplugin" 530
"../../../Engine/Plugins/Developer/Concert/ConcertMain/ConcertMain.uplugin" 531
"../../../Engine/Plugins/Editor/ObjectMixer/ObjectMixer/ObjectMixer.uplugin" 532
"../../../Engine/Plugins/Animation/MLDeformer/NearestNeighborModel/NearestNeighborModel.uplugin" 533
"../../../Engine/Plugins/Experimental/Animation/ContextualAnimation/ContextualAnimation.uplugin" 534
"../../../Engine/Plugins/VirtualProduction/VirtualCameraCore/VirtualCameraCore.uplugin" 535
"../../../Engine/Plugins/Experimental/Animation/Optimus/Optimus.uplugin" 536
"../../../Engine/Plugins/Experimental/Animation/SkeletalMeshModelingTools/SkeletalMeshModelingTools.uplugin" 537
"../../../Engine/Plugins/Experimental/Enterprise/DatasmithRuntime/DatasmithRuntime.uplugin" 538
"../../../Engine/Plugins/Experimental/Enterprise/DataprepGeometryOperations/DataprepGeometryOperations.uplugin" 539
"../../../Engine/Plugins/Experimental/Enterprise/DatasmithInterchange/DatasmithInterchange.uplugin" 540
"../../../Engine/Plugins/Runtime/Windows/WinDualShock/WinDualShock.uplugin" 541
"../../../Engine/Plugins/Runtime/Windows/XInputDevice/XInputDevice.uplugin" 542
"../../../Engine/Plugins/Experimental/Web/WebAPI/WebAPI.uplugin" 543
"../../../Engine/Plugins/Experimental/MetaHuman/MetaHumanProjectUtilities/MetaHumanProjectUtilities.uplugin" 544
"../../../Engine/Plugins/VirtualProduction/Rivermax/RivermaxCore/RivermaxCore.uplugin" 545
"../../../Engine/Plugins/VirtualProduction/Rivermax/RivermaxMedia/RivermaxMedia.uplugin" 546
"../../../Engine/Plugins/VirtualProduction/Rivermax/RivermaxSync/RivermaxSync.uplugin" 547
"../../../Engine/Plugins/Online/VoiceChat/EOSVoiceChat/EOSVoiceChat.uplugin" 548
"../../../Engine/Plugins/Online/VoiceChat/VoiceChat/VoiceChat.uplugin" 549
"../../../Engine/Plugins/Runtime/XR/XRVisualization/XRVisualization.uplugin" 550
"../../../Engine/Plugins/VirtualProduction/DMX/DatasmithMVR/DatasmithMVR.uplugin" 551
"../../../Engine/Plugins/VirtualProduction/DMX/DMXControlConsole/DMXControlConsole.uplugin" 552
"../../../Engine/Plugins/Runtime/XR/XRScribe/XRScribe.uplugin" 553
"../../../Engine/Plugins/VirtualProduction/DMX/DMXEngine/DMXEngine.uplugin" 554
"../../../Engine/Plugins/Animation/MLDeformer/NeuralMorphModel/NeuralMorphModel.uplugin" 555
"../../../Engine/Plugins/Runtime/MeshReconstruction/DummyMeshReconstructor/DummyMeshReconstructor.uplugin" 556
"../../../Engine/Plugins/VirtualProduction/DMX/DMXModularFeatures/DMXModularFeatures.uplugin" 557
"../../../Engine/Plugins/VirtualProduction/DMX/DMXPixelMapping/DMXPixelMapping.uplugin" 558
"../../../Engine/Plugins/VirtualProduction/DMX/DMXProtocol/DMXProtocol.uplugin" 559
"../../../Engine/Plugins/Runtime/Database/ADOSupport/ADOSupport.uplugin" 560
"../../../Engine/Plugins/Runtime/Database/DatabaseSupport/DatabaseSupport.uplugin" 561
"../../../Engine/Plugins/Runtime/Database/RemoteDatabaseSupport/RemoteDatabaseSupport.uplugin" 562
"../../../Engine/Plugins/Runtime/PacketHandlers/AESHandlerComponent/AESHandlerComponent.uplugin" 563
"../../../Engine/Plugins/Runtime/PacketHandlers/AESGCMHandlerComponent/AESGCMHandlerComponent.uplugin" 564
"../../../Engine/Plugins/Runtime/Database/SQLiteSupport/SQLiteSupport.uplugin" 565
"../../../Engine/Plugins/Runtime/PacketHandlers/DTLSHandlerComponent/DTLSHandlerComponent.uplugin" 566
"../../../Engine/Plugins/Runtime/Steam/SteamController/SteamController.uplugin" 567
"../../../Engine/Plugins/Runtime/Steam/SteamAudio/SteamAudio.uplugin" 568
"../../../Engine/Plugins/Runtime/Steam/SteamSockets/SteamSockets.uplugin" 569
"../../../Engine/Plugins/Experimental/AVCodecs/AVCodecsCore/AVCodecsCore.uplugin" 570
"../../../Engine/Plugins/Experimental/AVCodecs/AMFCodecs/AMFCodecs.uplugin" 571
"../../../Engine/Plugins/Runtime/Steam/SteamShared/SteamShared.uplugin" 572
"../../../Engine/Plugins/Experimental/AVCodecs/NVCodecs/NVCodecs.uplugin" 573
"../../../Engine/Plugins/VirtualProduction/DMX/DMXFixtures/DMXFixtures.uplugin" 574
"../../../Engine/Plugins/Experimental/AVCodecs/VTCodecs/VTCodecs.uplugin" 575
"../../../Engine/Plugins/Experimental/AVCodecs/WMFCodecs/WMFCodecs.uplugin" 576
"../../../Engine/Plugins/Runtime/Nvidia/GeForceNOWWrapper/GeForceNOWWrapper.uplugin" 577
"../../../Engine/Plugins/Runtime/Analytics/AnalyticsMulticast/AnalyticsMulticast.uplugin" 578
"../../../Engine/Plugins/Runtime/Analytics/AnalyticsBlueprintLibrary/AnalyticsBlueprintLibrary.uplugin" 579
"../../../Engine/Plugins/Runtime/Analytics/FileLogging/FileLogging.uplugin" 580
"../../../Engine/Plugins/Runtime/Analytics/Flurry/Flurry.uplugin" 581
"../../../Engine/Plugins/Runtime/Advertising/IOSTapJoy/IOSTapJoy.uplugin" 582
"../../../Engine/Plugins/Online/Android/AndroidFetchBackgroundDownload/AndroidFetchBackgroundDownload.uplugin" 583
"../../../Engine/Plugins/Online/Android/OnlineSubsystemGooglePlay/OnlineSubsystemGooglePlay.uplugin" 584
"../../../Engine/Plugins/Runtime/Analytics/Adjust/Adjust.uplugin" 585
"../../../Engine/Plugins/Runtime/Nvidia/Reflex/Reflex.uplugin" 586
"../../../Engine/Plugins/VirtualProduction/DMX/DMXDisplayCluster/DMXDisplayCluster.uplugin" 587
"../../../Engine/Plugins/Runtime/AR/AppleAR/AppleARKitFaceSupport/AppleARKitFaceSupport.uplugin" 588
"../../../Engine/Plugins/Runtime/AR/AppleAR/AppleARKit/AppleARKit.uplugin" 589
"../../../Engine/Plugins/Runtime/AR/Google/GoogleARCore/GoogleARCore.uplugin" 590
"../../../Engine/Plugins/Developer/Concert/ConcertApp/DisasterRecoveryClient/DisasterRecoveryClient.uplugin" 591
"../../../Engine/Plugins/Developer/Concert/ConcertApp/MultiUserClient/MultiUserClient.uplugin" 592
"../../../Engine/Plugins/Runtime/AR/Google/GoogleARCoreServices/GoogleARCoreServices.uplugin" 593
"../../../Engine/Plugins/Developer/Concert/ConcertApp/MultiUserServer/MultiUserServer.uplugin" 594
"../../../Engine/Plugins/Runtime/Database/SQLiteCore/SQLiteCore.uplugin" 595
"../../../Engine/Plugins/Developer/Concert/ConcertSync/ConcertSyncClient/ConcertSyncClient.uplugin" 596
"../../../Engine/Plugins/Developer/Concert/ConcertSync/ConcertSyncServer/ConcertSyncServer.uplugin" 597
"../../../Engine/Plugins/Developer/Concert/ConcertSync/ConcertSyncCore/ConcertSyncCore.uplugin" 598
"../../../Engine/Plugins/Developer/Concert/ConcertSync/ConcertSyncTest/ConcertSyncTest.uplugin" 599
"../../../Engine/Plugins/Developer/Concert/ConcertUI/ConcertClientSharedSlate/ConcertClientSharedSlate.uplugin" 600
"../../../Engine/Plugins/Developer/Concert/ConcertUI/ConcertSharedSlate/ConcertSharedSlate.uplugin" 601
"../../../Engine/Plugins/Developer/Concert/ConcertScripting/ConcertReplicationScripting/ConcertReplicationScripting.uplugin" 602
"../../../Engine/Plugins/Experimental/SlateModelViewViewModel/SlateModelViewViewModel.uplugin" 603
"../../../Engine/Plugins/VirtualProduction/RemoteControlInterception/RemoteControlInterception.uplugin" 604
"../../../Engine/Plugins/VirtualProduction/LiveLinkPrestonMDR/LiveLinkPrestonMDR.uplugin" 605
"../../../Engine/Plugins/Runtime/RigVM/RigVM.uplugin" 606
"../../../Engine/Plugins/LightWeightInstancesEditor/LightWeightInstancesEditor.uplugin" 607
"../../../Engine/Plugins/Portal/LauncherChunkInstaller/LauncherChunkInstaller.uplugin" 608
"../../../Engine/Plugins/NNE/NNERuntimeORT/NNERuntimeORT.uplugin" 609
"../../../Engine/Plugins/2D/Paper2D/Paper2D.uplugin" 610
"../../../Engine/Plugins/FX/ExampleCustomDataInterface/ExampleCustomDataInterface.uplugin" 611
"../../../Engine/Plugins/Developer/GitSourceControl/GitSourceControl.uplugin" 612
"../../../Engine/Plugins/VirtualProduction/CameraCalibrationCore/CameraCalibrationCore.uplugin" 613
"../../../Engine/Plugins/Experimental/WaveFunctionCollapse/WaveFunctionCollapse.uplugin" 614
"../../../Engine/Plugins/Experimental/PropertyAnimator/PropertyAnimator.uplugin" 615
"../../../Engine/Plugins/Experimental/Animation/CurveExpression/CurveExpression.uplugin" 616
"../../../Engine/Plugins/VirtualProduction/VirtualCamera/VirtualCamera.uplugin" 617
"../../../Engine/Plugins/Experimental/Animation/MotionTrajectory/MotionTrajectory.uplugin" 618
"../../../Engine/Plugins/VirtualProduction/LevelSnapshots/LevelSnapshots.uplugin" 619
"../../../Engine/Platforms/VisionOS/Plugins/Compression/OodleNetwork/OodleNetwork_VisionOS.uplugin" 620
"../../../Engine/Platforms/VisionOS/Plugins/Runtime/OpenXRHandTracking/OpenXRHandTracking_VisionOS.uplugin" 621
"../../../Engine/Platforms/VisionOS/Plugins/Runtime/OpenXR/OpenXR_VisionOS.uplugin" 622
"../../../Engine/Platforms/VisionOS/Plugins/Runtime/OpenXRVisionOS/OpenXRVisionOS.uplugin" 623
"../../../Engine/Content/Internationalization/icudt64l/cnvalias.icu" 624
"../../../Engine/Content/Internationalization/icudt64l/res_index.res" 625
"../../../Engine/Content/Internationalization/icudt64l/plurals.res" 626
"../../../Engine/Content/Internationalization/icudt64l/lang/en.res" 627
"../../../Engine/Content/Internationalization/icudt64l/lang/pool.res" 628
"../../../Engine/Content/Internationalization/icudt64l/lang/root.res" 629
"../../../Engine/Content/Internationalization/icudt64l/region/en.res" 630
"../../../Engine/Content/Internationalization/icudt64l/region/pool.res" 631
"../../../Engine/Content/Internationalization/icudt64l/region/root.res" 632
"../../../Engine/Content/Internationalization/icudt64l/windowsZones.res" 633
"../../../Engine/Content/Internationalization/icudt64l/zoneinfo64.res" 634
"../../../Engine/Content/Internationalization/icudt64l/keyTypeData.res" 635
"../../../Engine/Content/Internationalization/icudt64l/timezoneTypes.res" 636
"../../../Engine/Content/Internationalization/icudt64l/likelySubtags.res" 637
"../../../Engine/Content/Internationalization/icudt64l/en_US.res" 638
"../../../Engine/Content/Internationalization/icudt64l/pool.res" 639
"../../../Engine/Content/Internationalization/icudt64l/en.res" 640
"../../../Engine/Content/Internationalization/icudt64l/root.res" 641
"../../../Engine/Content/Internationalization/icudt64l/supplementalData.res" 642
"../../../Engine/Config/ConfigRedirects.ini" 643
"C:/Users/a1209/AppData/Local/UnrealEngine/5.4/Saved/Config/WindowsEditor/Manifest.ini" 644
"../../../Engine/Config/BaseEngine.ini" 645
"../../../Engine/Config/Windows/BaseWindowsEngine.ini" 646
"../../../../../../Users/a1209/Documents/Unreal Projects/UnrealLearningKit/Config/DefaultEngine.ini" 647
"../../../Engine/Config/Windows/WindowsEngine.ini" 648
"../../../Engine/Config/BaseGame.ini" 649
"../../../../../../Users/a1209/Documents/Unreal Projects/UnrealLearningKit/Config/DefaultGame.ini" 650
"../../../Engine/Config/Windows/WindowsGame.ini" 651
"../../../Engine/Config/BaseInput.ini" 652
"../../../../../../Users/a1209/Documents/Unreal Projects/UnrealLearningKit/Config/DefaultInput.ini" 653
"../../../Engine/Config/Windows/WindowsInput.ini" 654
"../../../Engine/Config/BaseDeviceProfiles.ini" 655
"../../../Engine/Config/BaseGameUserSettings.ini" 656
"C:/Users/a1209/Documents/Unreal Projects/UnrealLearningKit/Saved/Config/WindowsEditor/GameUserSettings.ini" 657
"../../../Engine/Config/BaseScalability.ini" 658
"../../../Engine/Config/BaseRuntimeOptions.ini" 659
"../../../Engine/Config/BaseInstallBundle.ini" 660
"../../../Engine/Config/BaseHardware.ini" 661
"../../../Engine/Config/BaseCompat.ini" 662
"../../../Engine/Config/BaseLightmass.ini" 663
"../../../Engine/Config/BaseEditor.ini" 664
"../../../../../../Users/a1209/Documents/Unreal Projects/UnrealLearningKit/Config/DefaultEditor.ini" 665
"C:/Users/a1209/Documents/Unreal Projects/UnrealLearningKit/Saved/Config/WindowsEditor/Editor.ini" 666
"../../../Engine/Config/BaseEditorPerProjectUserSettings.ini" 667
"../../../../../../Users/a1209/Documents/Unreal Projects/UnrealLearningKit/Config/DefaultEditorPerProjectUserSettings.ini" 668
"../../../Engine/Config/Windows/WindowsEditorPerProjectUserSettings.ini" 669
"C:/Users/a1209/Documents/Unreal Projects/UnrealLearningKit/Saved/Config/WindowsEditor/EditorPerProjectUserSettings.ini" 670
"../../../Engine/Config/BaseEditorSettings.ini" 671
"../../../../../../Users/a1209/Documents/Unreal Projects/UnrealLearningKit/Config/DefaultEditorSettings.ini" 672
"C:/Users/a1209/AppData/Local/UnrealEngine/5.4/Saved/Config/WindowsEditor/EditorSettings.ini" 673
"../../../Engine/Config/BaseEditorKeyBindings.ini" 674
"C:/Users/a1209/AppData/Local/UnrealEngine/5.4/Saved/Config/WindowsEditor/EditorLayout.ini" 675
"../../../Engine/Config/Linux/BaseLinuxEngine.ini" 676
"../../../Engine/Config/Unix/UnixEngine.ini" 677
"../../../Engine/Config/Linux/LinuxEngine.ini" 678
"../../../Engine/Config/Linux/LinuxGame.ini" 679
"../../../Engine/Config/IOS/BaseIOSEngine.ini" 680
"../../../Engine/Config/TVOS/TVOSEngine.ini" 681
"../../../Engine/Binaries/Win64/BootstrapPackagedGame-Win64-Shipping.target" 682
"../../../Engine/Binaries/Win64/BuildPatchTool-Win64-Shipping.target" 683
"../../../Engine/Binaries/Win64/CrashReportClient-Win64-Shipping.target" 684
"../../../Engine/Binaries/Win64/CrashReportClientEditor-Win64-Shipping.target" 685
"../../../Engine/Binaries/Win64/DatasmithCADWorker.target" 686
"../../../Engine/Binaries/Win64/EpicWebHelper-Win64-Shipping.target" 687
"../../../Engine/Binaries/Win64/InterchangeWorker.target" 688
"../../../Engine/Binaries/Win64/LiveCodingConsole.target" 689
"../../../Engine/Binaries/Win64/ShaderCompileWorker.target" 690
"../../../Engine/Binaries/Win64/SwitchboardListener.target" 691
"../../../Engine/Config/Mac/BaseMacEngine.ini" 692
"../../../Engine/Config/LinuxArm64/BaseLinuxArm64Engine.ini" 693
"../../../Engine/Binaries/Win64/SwitchboardListenerHelper.target" 694
"../../../Engine/Binaries/Win64/UnrealEditor-Win64-DebugGame.target" 695
"../../../Engine/Platforms/VisionOS/Config/BaseVisionOSEngine.ini" 696
"../../../Engine/Config/Android/BaseAndroidEngine.ini" 697
"../../../Engine/Config/IOS/BaseIOSGame.ini" 698
"../../../Engine/Config/LinuxArm64/LinuxArm64Engine.ini" 699
"../../../Engine/Config/IOS/IOSGame.ini" 700
"../../../Engine/Config/Android/AndroidEngine.ini" 701
"../../../Engine/Config/Mac/MacGame.ini" 702
"../../../Engine/Config/Android/BaseAndroidGame.ini" 703
"../../../Engine/Config/Mac/BaseMacInput.ini" 704
"../../../Engine/Binaries/Win64/UnrealEditor.target" 705
"../../../Engine/Config/IOS/IOSScalability.ini" 706
"../../../Engine/Config/Android/AndroidScalability.ini" 707
"../../../Engine/Config/Android/BaseAndroidInstallBundle.ini" 708
"../../../Engine/Config/PluginBase.ini" 709
"../../../Engine/Plugins/ChaosVD/Config/Engine.ini" 710
"../../../Engine/Plugins/EnhancedInput/Config/BaseEnhancedInput.ini" 711
"../../../Engine/Plugins/EnhancedInput/Config/Input.ini" 712
"../../../Engine/Plugins/TraceUtilities/Config/BaseTraceUtilities.ini" 713
"../../../Engine/Plugins/Editor/EditorScriptingUtilities/Config/BaseEditorScriptingUtilities.ini" 714
"../../../Engine/Plugins/Interchange/Runtime/Config/BaseInterchange.ini" 715
"../../../Engine/Plugins/Animation/IKRig/Config/BaseIKRig.ini" 716
"../../../Engine/Plugins/Animation/ControlRig/Config/BaseControlRig.ini" 717
"../../../Engine/Plugins/Runtime/InputDebugging/Config/Input.ini" 718
"../../../Engine/Plugins/Runtime/Metasound/Config/BaseMetasound.ini" 719
"../../../Engine/Plugins/Runtime/Metasound/Config/DefaultMetasound.ini" 720
"../../../Engine/Plugins/Runtime/Synthesis/Config/BaseSynthesis.ini" 721
"../../../Engine/Plugins/FX/Niagara/Config/BaseNiagara.ini" 722
"../../../Engine/Plugins/Enterprise/DatasmithContent/Config/BaseDatasmithContent.ini" 723
"../../../Engine/Plugins/Enterprise/GLTFExporter/Config/BaseGLTFExporter.ini" 724
"../../../Engine/Plugins/Enterprise/GLTFExporter/Config/DefaultGLTFExporter.ini" 725
"../../../Engine/Plugins/Enterprise/VariantManagerContent/Config/BaseVariantManagerContent.ini" 726
"../../../Engine/Plugins/Developer/TraceDataFiltering/Config/BaseTraceDataFilters.ini" 727
"../../../Engine/Plugins/Experimental/FullBodyIK/Config/BaseFullBodyIK.ini" 728
"../../../Engine/Plugins/Experimental/ToolPresets/Config/BaseToolPresets.ini" 729
"../../../Engine/Plugins/Experimental/StructUtils/Config/BaseStructUtils.ini" 730
"../../../Engine/Plugins/2D/Paper2D/Config/BasePaper2D.ini" 731
"../../../Engine/Plugins/Experimental/MetaHuman/MetaHumanProjectUtilities/Config/BaseMetaHumanProjectUtilities.ini" 732
"../../../Engine/Plugins/Bridge/Binaries/Win64/UnrealEditor.modules" 733
"../../../Engine/Plugins/Editor/EditorScriptingUtilities/Binaries/Win64/UnrealEditor.modules" 734
"../../../Engine/Plugins/Experimental/MetaHuman/MetaHumanProjectUtilities/Binaries/Win64/UnrealEditor.modules" 735
"../../../Engine/Plugins/ChaosCloth/Binaries/Win64/UnrealEditor.modules" 736
"../../../Engine/Plugins/Experimental/ChaosCaching/Binaries/Win64/UnrealEditor.modules" 737
"../../../Engine/Plugins/VirtualProduction/Takes/Binaries/Win64/UnrealEditor.modules" 738
"../../../Engine/Plugins/Runtime/AudioCapture/Binaries/Win64/UnrealEditor.modules" 739
"../../../Engine/Plugins/MovieScene/LevelSequenceEditor/Binaries/Win64/UnrealEditor.modules" 740
"../../../Engine/Plugins/MovieScene/SequencerScripting/Binaries/Win64/UnrealEditor.modules" 741
"../../../Engine/Plugins/Experimental/PythonScriptPlugin/Binaries/Win64/UnrealEditor.modules" 742
"../../../Engine/Plugins/Editor/ContentBrowser/ContentBrowserFileDataSource/Binaries/Win64/UnrealEditor.modules" 743
"../../../Engine/Plugins/ChaosVD/Binaries/Win64/UnrealEditor.modules" 744
"../../../Engine/Plugins/Runtime/GeometryProcessing/Binaries/Win64/UnrealEditor.modules" 745
"../../../Engine/Plugins/CmdLinkServer/Binaries/Win64/UnrealEditor.modules" 746
"../../../Engine/Plugins/EnhancedInput/Binaries/Win64/UnrealEditor.modules" 747
"../../../Engine/Plugins/FastBuildController/Binaries/Win64/UnrealEditor.modules" 748
"../../../Engine/Plugins/MeshPainting/Binaries/Win64/UnrealEditor.modules" 749
"../../../Engine/Plugins/Interchange/Editor/Binaries/Win64/UnrealEditor.modules" 750
"../../../Engine/Plugins/Interchange/Runtime/Binaries/Win64/UnrealEditor.modules" 751
"../../../Engine/Plugins/Enterprise/VariantManagerContent/Binaries/Win64/UnrealEditor.modules" 752
"../../../Engine/Plugins/Enterprise/VariantManager/Binaries/Win64/UnrealEditor.modules" 753
"../../../Engine/Plugins/RenderGraphInsights/Binaries/Win64/UnrealEditor.modules" 754
"../../../Engine/Plugins/WorldMetrics/Binaries/Win64/UnrealEditor.modules" 755
"../../../Engine/Plugins/XGEController/Binaries/Win64/UnrealEditor.modules" 756
"../../../Engine/Plugins/TraceUtilities/Binaries/Win64/UnrealEditor.modules" 757
"../../../Engine/Plugins/AI/AISupport/Binaries/Win64/UnrealEditor.modules" 758
"../../../Engine/Plugins/AI/EnvironmentQueryEditor/Binaries/Win64/UnrealEditor.modules" 759
"../../../Engine/Plugins/Editor/AssetManagerEditor/Binaries/Win64/UnrealEditor.modules" 760
"../../../Engine/Plugins/Editor/BlueprintHeaderView/Binaries/Win64/UnrealEditor.modules" 761
"../../../Engine/Plugins/Editor/ChangelistReview/Binaries/Win64/UnrealEditor.modules" 762
"../../../Engine/Plugins/Editor/CurveEditorTools/Binaries/Win64/UnrealEditor.modules" 763
"../../../Engine/Plugins/Editor/CryptoKeys/Binaries/Win64/UnrealEditor.modules" 764
"../../../Engine/Plugins/Editor/EditorDebugTools/Binaries/Win64/UnrealEditor.modules" 765
"../../../Engine/Plugins/Editor/DataValidation/Binaries/Win64/UnrealEditor.modules" 766
"../../../Engine/Plugins/Editor/EngineAssetDefinitions/Binaries/Win64/UnrealEditor.modules" 767
"../../../Engine/Plugins/Editor/GameplayTagsEditor/Binaries/Win64/UnrealEditor.modules" 768
"../../../Engine/Plugins/Editor/FacialAnimation/Binaries/Win64/UnrealEditor.modules" 769
"../../../Engine/Plugins/Editor/GeometryMode/Binaries/Win64/UnrealEditor.modules" 770
"../../../Engine/Plugins/Editor/PluginBrowser/Binaries/Win64/UnrealEditor.modules" 771
"../../../Engine/Plugins/Developer/PluginUtils/Binaries/Win64/UnrealEditor.modules" 772
"../../../Engine/Plugins/Editor/SequencerAnimTools/Binaries/Win64/UnrealEditor.modules" 773
"../../../Engine/Plugins/Animation/ControlRig/Binaries/Win64/UnrealEditor.modules" 774
"../../../Engine/Plugins/Runtime/RigVM/Binaries/Win64/UnrealEditor.modules" 775
"../../../Engine/Plugins/Runtime/PropertyAccess/Binaries/Win64/UnrealEditor.modules" 776
"../../../Engine/Plugins/Experimental/StructUtils/Binaries/Win64/UnrealEditor.modules" 777
"../../../Engine/Plugins/Editor/SpeedTreeImporter/Binaries/Win64/UnrealEditor.modules" 778
"../../../Engine/Plugins/Editor/WorldPartitionHLODUtilities/Binaries/Win64/UnrealEditor.modules" 779
"../../../Engine/Plugins/Editor/MaterialAnalyzer/Binaries/Win64/UnrealEditor.modules" 780
"../../../Engine/Plugins/Media/AvfMedia/Binaries/Win64/UnrealEditor.modules" 781
"../../../Engine/Plugins/Media/MediaCompositing/Binaries/Win64/UnrealEditor.modules" 782
"../../../Engine/Plugins/Media/ImgMedia/Binaries/Win64/UnrealEditor.modules" 783
"../../../Engine/Plugins/Media/MediaPlayerEditor/Binaries/Win64/UnrealEditor.modules" 784
"../../../Engine/Plugins/Media/MediaPlate/Binaries/Win64/UnrealEditor.modules" 785
"../../../Engine/Plugins/Runtime/MeshModelingToolset/Binaries/Win64/UnrealEditor.modules" 786
"../../../Engine/Plugins/Editor/ProxyLODPlugin/Binaries/Win64/UnrealEditor.modules" 787
"../../../Engine/Plugins/Experimental/PlanarCutPlugin/Binaries/Win64/UnrealEditor.modules" 788
"../../../Engine/Plugins/Media/WmfMedia/Binaries/Win64/UnrealEditor.modules" 789
"../../../Engine/Plugins/Animation/AnimationData/Binaries/Win64/UnrealEditor.modules" 790
"../../../Engine/Plugins/Animation/ControlRigSpline/Binaries/Win64/UnrealEditor.modules" 791
"../../../Engine/Plugins/Animation/IKRig/Binaries/Win64/UnrealEditor.modules" 792
"../../../Engine/Plugins/Experimental/FullBodyIK/Binaries/Win64/UnrealEditor.modules" 793
"../../../Engine/Plugins/Cameras/CameraShakePreviewer/Binaries/Win64/UnrealEditor.modules" 794
"../../../Engine/Plugins/Cameras/GameplayCameras/Binaries/Win64/UnrealEditor.modules" 795
"../../../Engine/Plugins/MovieScene/TemplateSequence/Binaries/Win64/UnrealEditor.modules" 796
"../../../Engine/Plugins/MovieScene/ActorSequence/Binaries/Win64/UnrealEditor.modules" 797
"../../../Engine/Plugins/Runtime/ActorLayerUtilities/Binaries/Win64/UnrealEditor.modules" 798
"../../../Engine/Plugins/Tests/InterchangeTests/Binaries/Win64/UnrealEditor.modules" 799
"../../../Engine/Plugins/Editor/UVEditor/Binaries/Win64/UnrealEditor.modules" 800
"../../../Engine/Plugins/Experimental/MeshModelingToolsetExp/Binaries/Win64/UnrealEditor.modules" 801
"../../../Engine/Plugins/Runtime/AndroidFileServer/Binaries/Win64/UnrealEditor.modules" 802
"../../../Engine/Plugins/Animation/AnimationModifierLibrary/Binaries/Win64/UnrealEditor.modules" 803
"../../../Engine/Plugins/Runtime/AndroidDeviceProfileSelector/Binaries/Win64/UnrealEditor.modules" 804
"../../../Engine/Plugins/Runtime/AppleImageUtils/Binaries/Win64/UnrealEditor.modules" 805
"../../../Engine/Plugins/Runtime/ArchVisCharacter/Binaries/Win64/UnrealEditor.modules" 806
"../../../Engine/Plugins/Runtime/AssetTags/Binaries/Win64/UnrealEditor.modules" 807
"../../../Engine/Plugins/Runtime/ChunkDownloader/Binaries/Win64/UnrealEditor.modules" 808
"../../../Engine/Plugins/Runtime/CableComponent/Binaries/Win64/UnrealEditor.modules" 809
"../../../Engine/Plugins/Runtime/CustomMeshComponent/Binaries/Win64/UnrealEditor.modules" 810
"../../../Engine/Plugins/Runtime/ExampleDeviceProfileSelector/Binaries/Win64/UnrealEditor.modules" 811
"../../../Engine/Plugins/Runtime/GeometryCache/Binaries/Win64/UnrealEditor.modules" 812
"../../../Engine/Plugins/FX/Niagara/Binaries/Win64/UnrealEditor.modules" 813
"../../../Engine/Plugins/Runtime/GooglePAD/Binaries/Win64/UnrealEditor.modules" 814
"../../../Engine/Plugins/Runtime/InputDebugging/Binaries/Win64/UnrealEditor.modules" 815
"../../../Engine/Plugins/Runtime/LocationServicesBPLibrary/Binaries/Win64/UnrealEditor.modules" 816
"../../../Engine/Plugins/Runtime/Metasound/Binaries/Win64/UnrealEditor.modules" 817
"../../../Engine/Plugins/Runtime/AudioWidgets/Binaries/Win64/UnrealEditor.modules" 818
"../../../Engine/Plugins/Runtime/AudioSynesthesia/Binaries/Win64/UnrealEditor.modules" 819
"../../../Engine/Plugins/Runtime/WaveTable/Binaries/Win64/UnrealEditor.modules" 820
"../../../Engine/Plugins/Runtime/MsQuic/Binaries/Win64/UnrealEditor.modules" 821
"../../../Engine/Plugins/Editor/MobileLauncherProfileWizard/Binaries/Win64/UnrealEditor.modules" 822
"../../../Engine/Plugins/Runtime/ProceduralMeshComponent/Binaries/Win64/UnrealEditor.modules" 823
"../../../Engine/Plugins/Runtime/SoundFields/Binaries/Win64/UnrealEditor.modules" 824
"../../../Engine/Plugins/Runtime/Synthesis/Binaries/Win64/UnrealEditor.modules" 825
"../../../Engine/Plugins/Media/AndroidMedia/Binaries/Win64/UnrealEditor.modules" 826
"../../../Engine/Plugins/Runtime/WebMMoviePlayer/Binaries/Win64/UnrealEditor.modules" 827
"../../../Engine/Plugins/Media/WebMMedia/Binaries/Win64/UnrealEditor.modules" 828
"../../../Engine/Plugins/Runtime/WindowsDeviceProfileSelector/Binaries/Win64/UnrealEditor.modules" 829
"../../../Engine/Plugins/Runtime/WindowsMoviePlayer/Binaries/Win64/UnrealEditor.modules" 830
"../../../Engine/Plugins/Animation/BlendSpaceMotionAnalysis/Binaries/Win64/UnrealEditor.modules" 831
"../../../Engine/Plugins/FX/NiagaraSimCaching/Binaries/Win64/UnrealEditor.modules" 832
"../../../Engine/Plugins/Runtime/AndroidPermission/Binaries/Win64/UnrealEditor.modules" 833
"../../../Engine/Plugins/Enterprise/DatasmithContent/Binaries/Win64/UnrealEditor.modules" 834
"../../../Engine/Plugins/Enterprise/GLTFExporter/Binaries/Win64/UnrealEditor.modules" 835
"../../../Engine/Plugins/Developer/AnimationSharing/Binaries/Win64/UnrealEditor.modules" 836
"../../../Engine/Plugins/Runtime/SignificanceManager/Binaries/Win64/UnrealEditor.modules" 837
"../../../Engine/Plugins/Developer/CLionSourceCodeAccess/Binaries/Win64/UnrealEditor.modules" 838
"../../../Engine/Plugins/Developer/DumpGPUServices/Binaries/Win64/UnrealEditor.modules" 839
"../../../Engine/Plugins/Developer/N10XSourceCodeAccess/Binaries/Win64/UnrealEditor.modules" 840
"../../../Engine/Plugins/Developer/GitSourceControl/Binaries/Win64/UnrealEditor.modules" 841
"../../../Engine/Plugins/Developer/PerforceSourceControl/Binaries/Win64/UnrealEditor.modules" 842
"../../../Engine/Plugins/Developer/PixWinPlugin/Binaries/Win64/UnrealEditor.modules" 843
"../../../Engine/Plugins/Developer/PlasticSourceControl/Binaries/Win64/UnrealEditor.modules" 844
"../../../Engine/Plugins/Developer/RenderDocPlugin/Binaries/Win64/UnrealEditor.modules" 845
"../../../Engine/Plugins/Developer/RiderSourceCodeAccess/Binaries/Win64/UnrealEditor.modules" 846
"../../../Engine/Plugins/Runtime/MobilePatchingUtils/Binaries/Win64/UnrealEditor.modules" 847
"../../../Engine/Plugins/Developer/UObjectPlugin/Binaries/Win64/UnrealEditor.modules" 848
"../../../Engine/Plugins/Developer/VisualStudioSourceCodeAccess/Binaries/Win64/UnrealEditor.modules" 849
"../../../Engine/Plugins/Developer/TraceDataFiltering/Binaries/Win64/UnrealEditor.modules" 850
"../../../Engine/Plugins/Developer/VisualStudioCodeSourceCodeAccess/Binaries/Win64/UnrealEditor.modules" 851
"../../../Engine/Plugins/Compression/OodleNetwork/Binaries/Win64/UnrealEditor.modules" 852
"../../../Engine/Plugins/Importers/AlembicImporter/Binaries/Win64/UnrealEditor.modules" 853
"../../../Engine/Plugins/Messaging/UdpMessaging/Binaries/Win64/UnrealEditor.modules" 854
"../../../Engine/Plugins/Messaging/TcpMessaging/Binaries/Win64/UnrealEditor.modules" 855
"../../../Engine/Plugins/Online/OnlineBase/Binaries/Win64/UnrealEditor.modules" 856
"../../../Engine/Plugins/Runtime/ResonanceAudio/Binaries/Win64/UnrealEditor.modules" 857
"../../../Engine/Plugins/Online/OnlineSubsystem/Binaries/Win64/UnrealEditor.modules" 858
"../../../Engine/Plugins/Online/OnlineSubsystemNull/Binaries/Win64/UnrealEditor.modules" 859
"../../../Engine/Plugins/Online/OnlineSubsystemUtils/Binaries/Win64/UnrealEditor.modules" 860
"../../../Engine/Plugins/Online/OnlineServices/Binaries/Win64/UnrealEditor.modules" 861
"../../../Engine/Plugins/Experimental/AutomationUtils/Binaries/Win64/UnrealEditor.modules" 862
"../../../Engine/Plugins/Experimental/BackChannel/Binaries/Win64/UnrealEditor.modules" 863
"../../../Engine/Plugins/Developer/PropertyAccessNode/Binaries/Win64/UnrealEditor.modules" 864
"../../../Engine/Plugins/Developer/TextureFormatOodle/Binaries/Win64/UnrealEditor.modules" 865
"../../../Engine/Plugins/Experimental/ChaosEditor/Binaries/Win64/UnrealEditor.modules" 866
"../../../Engine/Plugins/Experimental/GeometryCollectionPlugin/Binaries/Win64/UnrealEditor.modules" 867
"../../../Engine/Plugins/Experimental/Fracture/Binaries/Win64/UnrealEditor.modules" 868
"../../../Engine/Plugins/Experimental/ChaosSolverPlugin/Binaries/Win64/UnrealEditor.modules" 869
"../../../Engine/Plugins/Experimental/Dataflow/Binaries/Win64/UnrealEditor.modules" 870
"../../../Engine/Plugins/Experimental/CharacterFXEditor/BaseCharacterFXEditor/Binaries/Win64/UnrealEditor.modules" 871
"../../../Engine/Plugins/Experimental/ChaosNiagara/Binaries/Win64/UnrealEditor.modules" 872
"../../../Engine/Plugins/Experimental/ChaosUserDataPT/Binaries/Win64/UnrealEditor.modules" 873
"../../../Engine/Plugins/Experimental/CharacterAI/Binaries/Win64/UnrealEditor.modules" 874
"../../../Engine/Plugins/Experimental/LocalizableMessage/Binaries/Win64/UnrealEditor.modules" 875
"../../../Engine/Plugins/Developer/SubversionSourceControl/Binaries/Win64/UnrealEditor.modules" 876
"../../../Engine/Plugins/Animation/ACLPlugin/Binaries/Win64/UnrealEditor.modules" 877
"../../../Engine/Plugins/Experimental/OpenImageDenoise/Binaries/Win64/UnrealEditor.modules" 878
"../../../Engine/Plugins/Experimental/PlatformCrypto/Binaries/Win64/UnrealEditor.modules" 879
"../../../Engine/Plugins/Experimental/SkeletalReduction/Binaries/Win64/UnrealEditor.modules" 880
"../../../Engine/Plugins/Experimental/ToolPresets/Binaries/Win64/UnrealEditor.modules" 881
"../../../Engine/Plugins/Experimental/StudioTelemetry/Binaries/Win64/UnrealEditor.modules" 882
"../../../Engine/Plugins/Portal/LauncherChunkInstaller/Binaries/Win64/UnrealEditor.modules" 883
"../../../Engine/Plugins/2D/Paper2D/Binaries/Win64/UnrealEditor.modules" 884
"../../../Engine/Plugins/Editor/ContentBrowser/ContentBrowserAssetDataSource/Binaries/Win64/UnrealEditor.modules" 885
"../../../Engine/Plugins/Editor/ContentBrowser/ContentBrowserClassDataSource/Binaries/Win64/UnrealEditor.modules" 886
"../../../Engine/Plugins/Editor/Localization/PortableObjectFileDataSource/Binaries/Win64/UnrealEditor.modules" 887
"../../../Engine/Plugins/Editor/ObjectMixer/LightMixer/Binaries/Win64/UnrealEditor.modules" 888
"../../../Engine/Plugins/Editor/ObjectMixer/ObjectMixer/Binaries/Win64/UnrealEditor.modules" 889
"../../../Engine/Plugins/Runtime/Windows/XInputDevice/Binaries/Win64/UnrealEditor.modules" 890
"../../../Engine/Config/BaseSourceControlSettings.ini" 891
"../../../Engine/Content/Internationalization/icudt64l/coll/ucadata.icu" 892
"../../../Engine/Content/Internationalization/icudt64l/coll/en_US.res" 893
"../../../Engine/Content/Internationalization/icudt64l/coll/en.res" 894
"../../../Engine/Content/Internationalization/icudt64l/coll/root.res" 895
"../../../Engine/Content/Certificates/ThirdParty/cacert.pem" 896
"../../../Engine/Config/ConsoleVariables.ini" 897
